<?xml version="1.0" encoding="UTF-8"?>
<!-- Generated by org.testng.reporters.JUnitReportReporter -->
<testsuite name="com.chedai.test.CreditEvaluationTest" tests="2" time="46.650" ignored="12" failures="0" timestamp="30 八月 2017 05:39:03 GMT" skipped="0" hostname="EIT-20170712IIN" errors="0">
  <testcase name="newEvaluation" time="20.367" classname="com.chedai.test.CreditEvaluationTest"/>
  <testcase name="newCredit" time="26.283" classname="com.chedai.test.CreditEvaluationTest"/>
  <testcase name="setUp" classname="com.chedai.test.InitTest">
    <skipped/>
  </testcase> <!-- setUp -->
  <testcase name="setUp" classname="com.chedai.test.InitTest">
    <skipped/>
  </testcase> <!-- setUp -->
  <testcase name="setUp" classname="com.chedai.test.InitTest">
    <skipped/>
  </testcase> <!-- setUp -->
  <testcase name="setUp" classname="com.chedai.test.InitTest">
    <skipped/>
  </testcase> <!-- setUp -->
  <testcase name="setUp" classname="com.chedai.test.InitTest">
    <skipped/>
  </testcase> <!-- setUp -->
  <testcase name="setUp" classname="com.chedai.test.InitTest">
    <skipped/>
  </testcase> <!-- setUp -->
  <testcase name="tearDown" classname="com.chedai.test.InitTest">
    <skipped/>
  </testcase> <!-- tearDown -->
  <testcase name="tearDown" classname="com.chedai.test.InitTest">
    <skipped/>
  </testcase> <!-- tearDown -->
  <testcase name="tearDown" classname="com.chedai.test.InitTest">
    <skipped/>
  </testcase> <!-- tearDown -->
  <testcase name="tearDown" classname="com.chedai.test.InitTest">
    <skipped/>
  </testcase> <!-- tearDown -->
  <testcase name="tearDown" classname="com.chedai.test.InitTest">
    <skipped/>
  </testcase> <!-- tearDown -->
  <testcase name="tearDown" classname="com.chedai.test.InitTest">
    <skipped/>
  </testcase> <!-- tearDown -->
</testsuite> <!-- com.chedai.test.CreditEvaluationTest -->
