<?xml version="1.0" encoding="UTF-8"?>
<!-- Generated by org.testng.reporters.JUnitReportReporter -->
<testsuite name="com.chedai.test.ContractReviewTest" tests="1" time="9.983" ignored="12" failures="0" timestamp="30 八月 2017 05:39:03 GMT" skipped="0" hostname="EIT-20170712IIN" errors="0">
  <testcase name="ContractSign" time="9.983" classname="com.chedai.test.ContractReviewTest"/>
  <testcase name="setUp" classname="com.chedai.test.InitTest">
    <skipped/>
  </testcase> <!-- setUp -->
  <testcase name="setUp" classname="com.chedai.test.InitTest">
    <skipped/>
  </testcase> <!-- setUp -->
  <testcase name="setUp" classname="com.chedai.test.InitTest">
    <skipped/>
  </testcase> <!-- setUp -->
  <testcase name="setUp" classname="com.chedai.test.InitTest">
    <skipped/>
  </testcase> <!-- setUp -->
  <testcase name="setUp" classname="com.chedai.test.InitTest">
    <skipped/>
  </testcase> <!-- setUp -->
  <testcase name="setUp" classname="com.chedai.test.InitTest">
    <skipped/>
  </testcase> <!-- setUp -->
  <testcase name="tearDown" classname="com.chedai.test.InitTest">
    <skipped/>
  </testcase> <!-- tearDown -->
  <testcase name="tearDown" classname="com.chedai.test.InitTest">
    <skipped/>
  </testcase> <!-- tearDown -->
  <testcase name="tearDown" classname="com.chedai.test.InitTest">
    <skipped/>
  </testcase> <!-- tearDown -->
  <testcase name="tearDown" classname="com.chedai.test.InitTest">
    <skipped/>
  </testcase> <!-- tearDown -->
  <testcase name="tearDown" classname="com.chedai.test.InitTest">
    <skipped/>
  </testcase> <!-- tearDown -->
  <testcase name="tearDown" classname="com.chedai.test.InitTest">
    <skipped/>
  </testcase> <!-- tearDown -->
</testsuite> <!-- com.chedai.test.ContractReviewTest -->
