<?xml version="1.0" encoding="UTF-8"?>
<!-- Generated by org.testng.reporters.JUnitReportReporter -->
<testsuite name="com.chedai.test.AuditTest" tests="4" time="52.654" ignored="12" failures="0" timestamp="30 八月 2017 05:39:03 GMT" skipped="0" hostname="EIT-20170712IIN" errors="0">
  <testcase name="assessAuditTest" time="12.677" classname="com.chedai.test.AuditTest"/>
  <testcase name="qualityAuditTest" time="13.371" classname="com.chedai.test.AuditTest"/>
  <testcase name="FinalAuditTest" time="13.468" classname="com.chedai.test.AuditTest"/>
  <testcase name="PreliminaryAuditTest" time="13.138" classname="com.chedai.test.AuditTest"/>
  <testcase name="setUp" classname="com.chedai.test.InitTest">
    <skipped/>
  </testcase> <!-- setUp -->
  <testcase name="setUp" classname="com.chedai.test.InitTest">
    <skipped/>
  </testcase> <!-- setUp -->
  <testcase name="setUp" classname="com.chedai.test.InitTest">
    <skipped/>
  </testcase> <!-- setUp -->
  <testcase name="setUp" classname="com.chedai.test.InitTest">
    <skipped/>
  </testcase> <!-- setUp -->
  <testcase name="setUp" classname="com.chedai.test.InitTest">
    <skipped/>
  </testcase> <!-- setUp -->
  <testcase name="setUp" classname="com.chedai.test.InitTest">
    <skipped/>
  </testcase> <!-- setUp -->
  <testcase name="tearDown" classname="com.chedai.test.InitTest">
    <skipped/>
  </testcase> <!-- tearDown -->
  <testcase name="tearDown" classname="com.chedai.test.InitTest">
    <skipped/>
  </testcase> <!-- tearDown -->
  <testcase name="tearDown" classname="com.chedai.test.InitTest">
    <skipped/>
  </testcase> <!-- tearDown -->
  <testcase name="tearDown" classname="com.chedai.test.InitTest">
    <skipped/>
  </testcase> <!-- tearDown -->
  <testcase name="tearDown" classname="com.chedai.test.InitTest">
    <skipped/>
  </testcase> <!-- tearDown -->
  <testcase name="tearDown" classname="com.chedai.test.InitTest">
    <skipped/>
  </testcase> <!-- tearDown -->
</testsuite> <!-- com.chedai.test.AuditTest -->
